{
  message: 'some infos',
  level: 'info',
  service: 'user-service',
  timestamp: '2020-08-08T05:43:22.013Z'
}
{
  service: 'user-service',
  level: 'error',
  message: 'oucha! oucha!',
  stack: 'Error: oucha!\n' +
    '    at Object.<anonymous> (D:\\Users\\Loic2\\Documents\\Dev\\guesslife\\guesslife-backend\\server.js:23:7)\n' +
    '    at Module._compile (internal/modules/cjs/loader.js:955:30)\n' +
    '    at Object.Module._extensions..js (internal/modules/cjs/loader.js:991:10)\n' +
    '    at Module.load (internal/modules/cjs/loader.js:811:32)\n' +
    '    at Function.Module._load (internal/modules/cjs/loader.js:723:14)\n' +
    '    at Function.Module.runMain (internal/modules/cjs/loader.js:1043:10)\n' +
    '    at internal/main/run_main_module.js:17:11',
  timestamp: '2020-08-08T05:43:22.018Z'
}
{
  message: 'some infos',
  level: 'info',
  service: 'guesslife-backend',
  timestamp: '2020-08-08T05:43:52.130Z'
}
{
  service: 'guesslife-backend',
  level: 'error',
  message: 'oucha! oucha!',
  stack: 'Error: oucha!\n' +
    '    at Object.<anonymous> (D:\\Users\\Loic2\\Documents\\Dev\\guesslife\\guesslife-backend\\server.js:23:7)\n' +
    '    at Module._compile (internal/modules/cjs/loader.js:955:30)\n' +
    '    at Object.Module._extensions..js (internal/modules/cjs/loader.js:991:10)\n' +
    '    at Module.load (internal/modules/cjs/loader.js:811:32)\n' +
    '    at Function.Module._load (internal/modules/cjs/loader.js:723:14)\n' +
    '    at Function.Module.runMain (internal/modules/cjs/loader.js:1043:10)\n' +
    '    at internal/main/run_main_module.js:17:11',
  timestamp: '2020-08-08T05:43:52.135Z'
}
{
  message: 'some infos',
  level: 'info',
  service: 'guesslife-backend',
  timestamp: '2020-08-08T05:44:08.181Z'
}
{
  service: 'guesslife-backend',
  level: 'error',
  message: 'oucha! oucha!',
  stack: 'Error: oucha!\n' +
    '    at Object.<anonymous> (D:\\Users\\Loic2\\Documents\\Dev\\guesslife\\guesslife-backend\\server.js:23:7)\n' +
    '    at Module._compile (internal/modules/cjs/loader.js:955:30)\n' +
    '    at Object.Module._extensions..js (internal/modules/cjs/loader.js:991:10)\n' +
    '    at Module.load (internal/modules/cjs/loader.js:811:32)\n' +
    '    at Function.Module._load (internal/modules/cjs/loader.js:723:14)\n' +
    '    at Function.Module.runMain (internal/modules/cjs/loader.js:1043:10)\n' +
    '    at internal/main/run_main_module.js:17:11',
  timestamp: '2020-08-08T05:44:08.186Z'
}
{
  message: 'some infos',
  level: 'info',
  service: 'guesslife-backend',
  timestamp: '2020-08-08T05:44:18.068Z'
}
{
  service: 'guesslife-backend',
  level: 'error',
  message: 'oucha! oucha!',
  stack: 'Error: oucha!\n' +
    '    at Object.<anonymous> (D:\\Users\\Loic2\\Documents\\Dev\\guesslife\\guesslife-backend\\server.js:23:7)\n' +
    '    at Module._compile (internal/modules/cjs/loader.js:955:30)\n' +
    '    at Object.Module._extensions..js (internal/modules/cjs/loader.js:991:10)\n' +
    '    at Module.load (internal/modules/cjs/loader.js:811:32)\n' +
    '    at Function.Module._load (internal/modules/cjs/loader.js:723:14)\n' +
    '    at Function.Module.runMain (internal/modules/cjs/loader.js:1043:10)\n' +
    '    at internal/main/run_main_module.js:17:11',
  timestamp: '2020-08-08T05:44:18.074Z'
}
{
  message: 'some infos',
  level: 'info',
  service: 'guesslife-backend',
  timestamp: '2020-08-08T05:44:28.693Z'
}
{
  service: 'guesslife-backend',
  level: 'error',
  message: 'oucha! oucha!',
  stack: 'Error: oucha!\n' +
    '    at Object.<anonymous> (D:\\Users\\Loic2\\Documents\\Dev\\guesslife\\guesslife-backend\\server.js:23:7)\n' +
    '    at Module._compile (internal/modules/cjs/loader.js:955:30)\n' +
    '    at Object.Module._extensions..js (internal/modules/cjs/loader.js:991:10)\n' +
    '    at Module.load (internal/modules/cjs/loader.js:811:32)\n' +
    '    at Function.Module._load (internal/modules/cjs/loader.js:723:14)\n' +
    '    at Function.Module.runMain (internal/modules/cjs/loader.js:1043:10)\n' +
    '    at internal/main/run_main_module.js:17:11',
  timestamp: '2020-08-08T05:44:28.699Z'
}
{
  message: 'some infos',
  level: 'info',
  service: 'guesslife-backend',
  timestamp: '2020-08-08T05:46:52.208Z'
}
{
  service: 'guesslife-backend',
  level: 'error',
  message: 'oucha! oucha!',
  stack: 'Error: oucha!\n' +
    '    at Object.<anonymous> (D:\\Users\\Loic2\\Documents\\Dev\\guesslife\\guesslife-backend\\server.js:23:7)\n' +
    '    at Module._compile (internal/modules/cjs/loader.js:955:30)\n' +
    '    at Object.Module._extensions..js (internal/modules/cjs/loader.js:991:10)\n' +
    '    at Module.load (internal/modules/cjs/loader.js:811:32)\n' +
    '    at Function.Module._load (internal/modules/cjs/loader.js:723:14)\n' +
    '    at Function.Module.runMain (internal/modules/cjs/loader.js:1043:10)\n' +
    '    at internal/main/run_main_module.js:17:11',
  timestamp: '2020-08-08T05:46:52.215Z'
}
{
  message: 'app name: GuessLife backend (dev)',
  level: 'info',
  service: 'guesslife-backend',
  timestamp: '2020-08-08T06:11:18.399Z'
}
{
  message: 'env: developement',
  level: 'info',
  service: 'guesslife-backend',
  timestamp: '2020-08-08T06:11:18.413Z'
}
{
  message: 'config express js and routes ...',
  level: 'info',
  service: 'guesslife-backend',
  timestamp: '2020-08-08T06:11:18.788Z'
}
{
  message: 'morgan enabled',
  level: 'info',
  service: 'guesslife-backend',
  timestamp: '2020-08-08T06:11:18.805Z'
}
{
  message: 'Connected to mongodb ...',
  level: 'info',
  service: 'guesslife-backend',
  timestamp: '2020-08-08T06:11:18.833Z'
}
{
  message: 'app name: GuessLife backend (dev)',
  level: 'info',
  service: 'guesslife-backend',
  timestamp: '2020-08-08T06:11:36.662Z'
}
{
  message: 'env: developement',
  level: 'info',
  service: 'guesslife-backend',
  timestamp: '2020-08-08T06:11:36.665Z'
}
{
  message: 'config express js and routes ...',
  level: 'info',
  service: 'guesslife-backend',
  timestamp: '2020-08-08T06:11:37.004Z'
}
{
  message: 'morgan enabled',
  level: 'info',
  service: 'guesslife-backend',
  timestamp: '2020-08-08T06:11:37.019Z'
}
{
  message: 'Connected to mongodb ...',
  level: 'info',
  service: 'guesslife-backend',
  timestamp: '2020-08-08T06:11:37.044Z'
}
{
  message: 'app name: GuessLife backend (dev)',
  level: 'info',
  service: 'guesslife-backend',
  timestamp: '2020-08-08T06:11:45.617Z'
}
{
  message: 'env: developement',
  level: 'info',
  service: 'guesslife-backend',
  timestamp: '2020-08-08T06:11:45.619Z'
}
{
  message: 'config express js and routes ...',
  level: 'info',
  service: 'guesslife-backend',
  timestamp: '2020-08-08T06:11:45.938Z'
}
{
  message: 'morgan enabled',
  level: 'info',
  service: 'guesslife-backend',
  timestamp: '2020-08-08T06:11:45.952Z'
}
{
  message: 'Connected to mongodb ...',
  level: 'info',
  service: 'guesslife-backend',
  timestamp: '2020-08-08T06:11:45.975Z'
}
{
  message: 'app name: GuessLife backend (dev)',
  level: 'info',
  service: 'guesslife-backend',
  timestamp: '2020-08-08T06:12:15.285Z'
}
{
  message: 'env: developement',
  level: 'info',
  service: 'guesslife-backend',
  timestamp: '2020-08-08T06:12:15.288Z'
}
{
  message: 'config express js and routes ...',
  level: 'info',
  service: 'guesslife-backend',
  timestamp: '2020-08-08T06:12:15.632Z'
}
{
  message: 'morgan enabled',
  level: 'info',
  service: 'guesslife-backend',
  timestamp: '2020-08-08T06:12:15.646Z'
}
{
  message: 'Connected to mongodb ...',
  level: 'info',
  service: 'guesslife-backend',
  timestamp: '2020-08-08T06:12:15.669Z'
}
{
  message: 'app name: GuessLife backend (dev)',
  level: 'info',
  service: 'guesslife-backend',
  timestamp: '2020-08-08T06:15:44.655Z'
}
{
  message: 'env: developement',
  level: 'info',
  service: 'guesslife-backend',
  timestamp: '2020-08-08T06:15:44.660Z'
}
{
  message: 'config express js and routes ...',
  level: 'info',
  service: 'guesslife-backend',
  timestamp: '2020-08-08T06:15:45.061Z'
}
{
  message: 'morgan enabled',
  level: 'info',
  service: 'guesslife-backend',
  timestamp: '2020-08-08T06:15:45.084Z'
}
{
  message: 'Connected to mongodb ...',
  level: 'info',
  service: 'guesslife-backend',
  timestamp: '2020-08-08T06:15:45.118Z'
}
{
  message: 'app name: GuessLife backend (dev)',
  level: 'info',
  service: 'guesslife-backend',
  timestamp: '2020-08-08T06:15:49.134Z'
}
{
  message: 'env: developement',
  level: 'info',
  service: 'guesslife-backend',
  timestamp: '2020-08-08T06:15:49.138Z'
}
{
  message: 'config express js and routes ...',
  level: 'info',
  service: 'guesslife-backend',
  timestamp: '2020-08-08T06:15:49.469Z'
}
{
  message: 'morgan enabled',
  level: 'info',
  service: 'guesslife-backend',
  timestamp: '2020-08-08T06:15:49.486Z'
}
{
  message: 'Connected to mongodb ...',
  level: 'info',
  service: 'guesslife-backend',
  timestamp: '2020-08-08T06:15:49.511Z'
}
{
  message: 'app name: GuessLife backend (dev)',
  level: 'info',
  service: 'guesslife-backend',
  timestamp: '2020-08-08T06:16:00.480Z'
}
{
  message: 'env: developement',
  level: 'info',
  service: 'guesslife-backend',
  timestamp: '2020-08-08T06:16:00.485Z'
}
{
  message: 'config express js and routes ...',
  level: 'info',
  service: 'guesslife-backend',
  timestamp: '2020-08-08T06:16:00.818Z'
}
{
  message: 'morgan enabled',
  level: 'info',
  service: 'guesslife-backend',
  timestamp: '2020-08-08T06:16:00.835Z'
}
{
  message: 'Connected to mongodb ...',
  level: 'info',
  service: 'guesslife-backend',
  timestamp: '2020-08-08T06:16:00.859Z'
}
{
  message: 'app name: GuessLife backend (dev)',
  level: 'info',
  service: 'guesslife-backend',
  timestamp: '2020-08-08T06:16:04.908Z'
}
{
  message: 'env: developement',
  level: 'info',
  service: 'guesslife-backend',
  timestamp: '2020-08-08T06:16:04.912Z'
}
{
  message: 'config express js and routes ...',
  level: 'info',
  service: 'guesslife-backend',
  timestamp: '2020-08-08T06:16:05.259Z'
}
{
  message: 'morgan enabled',
  level: 'info',
  service: 'guesslife-backend',
  timestamp: '2020-08-08T06:16:05.276Z'
}
{
  message: 'Connected to mongodb ...',
  level: 'info',
  service: 'guesslife-backend',
  timestamp: '2020-08-08T06:16:05.303Z'
}
{
  message: 'app name: GuessLife backend (dev)',
  level: 'info',
  service: 'guesslife-backend',
  timestamp: '2020-08-08T06:20:30.577Z'
}
{
  message: 'env: developement',
  level: 'info',
  service: 'guesslife-backend',
  timestamp: '2020-08-08T06:20:30.581Z'
}
{
  message: 'config express js and routes ...',
  level: 'info',
  service: 'guesslife-backend',
  timestamp: '2020-08-08T06:20:30.911Z'
}
{
  message: 'morgan enabled',
  level: 'info',
  service: 'guesslife-backend',
  timestamp: '2020-08-08T06:20:30.928Z'
}
{
  message: 'Connected to mongodb ...',
  level: 'info',
  service: 'guesslife-backend',
  timestamp: '2020-08-08T06:20:30.962Z'
}
{
  message: 'app name: GuessLife backend (dev)',
  level: 'info',
  service: 'guesslife-backend',
  timestamp: '2020-08-08T06:21:03.452Z'
}
{
  message: 'env: developement',
  level: 'info',
  service: 'guesslife-backend',
  timestamp: '2020-08-08T06:21:03.457Z'
}
{
  message: 'config express js and routes ...',
  level: 'info',
  service: 'guesslife-backend',
  timestamp: '2020-08-08T06:21:03.789Z'
}
{
  message: 'morgan enabled',
  level: 'info',
  service: 'guesslife-backend',
  timestamp: '2020-08-08T06:21:03.803Z'
}
{
  message: 'Connected to mongodb ...',
  level: 'info',
  service: 'guesslife-backend',
  timestamp: '2020-08-08T06:21:03.832Z'
}
{
  message: 'app name: GuessLife backend (dev)',
  level: 'info',
  service: 'guesslife-backend',
  timestamp: '2020-08-08T06:21:07.957Z'
}
{
  message: 'env: developement',
  level: 'info',
  service: 'guesslife-backend',
  timestamp: '2020-08-08T06:21:07.961Z'
}
{
  message: 'config express js and routes ...',
  level: 'info',
  service: 'guesslife-backend',
  timestamp: '2020-08-08T06:21:08.298Z'
}
{
  message: 'morgan enabled',
  level: 'info',
  service: 'guesslife-backend',
  timestamp: '2020-08-08T06:21:08.313Z'
}
{
  message: 'app name: GuessLife backend (dev)',
  level: 'info',
  service: 'guesslife-backend',
  timestamp: '2020-08-08T06:25:11.210Z'
}
{
  message: 'env: developement',
  level: 'info',
  service: 'guesslife-backend',
  timestamp: '2020-08-08T06:25:11.215Z'
}
{
  message: 'config express js and routes ...',
  level: 'info',
  service: 'guesslife-backend',
  timestamp: '2020-08-08T06:25:11.539Z'
}
{
  message: 'morgan enabled',
  level: 'info',
  service: 'guesslife-backend',
  timestamp: '2020-08-08T06:25:11.555Z'
}
{
  message: 'Connected to mongodb ...',
  level: 'info',
  service: 'guesslife-backend',
  timestamp: '2020-08-08T06:25:11.579Z'
}
{
  message: 'config express js and routes ...',
  level: 'info',
  service: 'guesslife-backend',
  timestamp: '2020-08-08T06:28:36.571Z'
}
{
  message: 'app name: GuessLife backend (dev)',
  level: 'info',
  service: 'guesslife-backend',
  timestamp: '2020-08-08T06:28:36.591Z'
}
{
  message: 'env: developement',
  level: 'info',
  service: 'guesslife-backend',
  timestamp: '2020-08-08T06:28:36.592Z'
}
{
  message: 'morgan enabled',
  level: 'info',
  service: 'guesslife-backend',
  timestamp: '2020-08-08T06:28:36.592Z'
}
{
  message: 'Connected to mongodb ...',
  level: 'info',
  service: 'guesslife-backend',
  timestamp: '2020-08-08T06:28:36.624Z'
}
{
  message: 'config express js and routes ...',
  level: 'info',
  service: 'guesslife-backend',
  timestamp: '2020-08-08T06:28:51.558Z'
}
{
  message: 'app name: GuessLife backend (dev)',
  level: 'info',
  service: 'guesslife-backend',
  timestamp: '2020-08-08T06:28:51.578Z'
}
{
  message: 'env: developement',
  level: 'info',
  service: 'guesslife-backend',
  timestamp: '2020-08-08T06:28:51.578Z'
}
{
  message: 'morgan enabled',
  level: 'info',
  service: 'guesslife-backend',
  timestamp: '2020-08-08T06:28:51.579Z'
}
{
  message: 'Connected to mongodb ...',
  level: 'info',
  service: 'guesslife-backend',
  timestamp: '2020-08-08T06:28:51.609Z'
}
{
  message: 'config express js and routes ...',
  level: 'info',
  service: 'guesslife-backend',
  timestamp: '2020-08-08T06:30:49.570Z'
}
{
  message: 'app name: GuessLife backend (dev)',
  level: 'info',
  service: 'guesslife-backend',
  timestamp: '2020-08-08T06:30:49.591Z'
}
{
  message: 'env: developement',
  level: 'info',
  service: 'guesslife-backend',
  timestamp: '2020-08-08T06:30:49.592Z'
}
{
  message: 'morgan enabled',
  level: 'info',
  service: 'guesslife-backend',
  timestamp: '2020-08-08T06:30:49.593Z'
}
{
  message: 'Connected to mongodb ...',
  level: 'info',
  service: 'guesslife-backend',
  timestamp: '2020-08-08T06:30:49.619Z'
}
{
  message: 'config express js and routes ...',
  level: 'info',
  service: 'guesslife-backend',
  timestamp: '2020-08-08T06:30:57.661Z'
}
{
  message: 'app name: GuessLife backend (dev)',
  level: 'info',
  service: 'guesslife-backend',
  timestamp: '2020-08-08T06:30:57.680Z'
}
{
  message: 'env: developement',
  level: 'info',
  service: 'guesslife-backend',
  timestamp: '2020-08-08T06:30:57.681Z'
}
{
  message: 'morgan enabled',
  level: 'info',
  service: 'guesslife-backend',
  timestamp: '2020-08-08T06:30:57.682Z'
}
{
  message: 'Connected to mongodb ...',
  level: 'info',
  service: 'guesslife-backend',
  timestamp: '2020-08-08T06:30:57.705Z'
}
{
  message: 'config express js and routes ...',
  level: 'info',
  service: 'guesslife-backend',
  timestamp: '2020-08-08T06:31:39.682Z'
}
{
  message: 'app name: GuessLife backend (dev)',
  level: 'info',
  service: 'guesslife-backend',
  timestamp: '2020-08-08T06:31:39.702Z'
}
{
  message: 'env: developement',
  level: 'info',
  service: 'guesslife-backend',
  timestamp: '2020-08-08T06:31:39.703Z'
}
{
  message: 'Connected to mongodb ...',
  level: 'info',
  service: 'guesslife-backend',
  timestamp: '2020-08-08T06:31:39.727Z'
}
{
  message: 'morgan enabled',
  level: 'info',
  service: 'guesslife-backend',
  timestamp: '2020-08-08T06:32:13.533Z'
}
{
  message: 'config express js and routes ...',
  level: 'info',
  service: 'guesslife-backend',
  timestamp: '2020-08-08T06:32:13.539Z'
}
{
  message: 'app name: GuessLife backend (dev)',
  level: 'info',
  service: 'guesslife-backend',
  timestamp: '2020-08-08T06:32:13.554Z'
}
{
  message: 'env: developement',
  level: 'info',
  service: 'guesslife-backend',
  timestamp: '2020-08-08T06:32:13.556Z'
}
{
  message: 'Connected to mongodb ...',
  level: 'info',
  service: 'guesslife-backend',
  timestamp: '2020-08-08T06:32:13.582Z'
}
{
  message: 'morgan enabled',
  level: 'info',
  service: 'guesslife-backend',
  timestamp: '2020-08-08T06:32:37.610Z'
}
{
  message: 'config express js and routes ...',
  level: 'info',
  service: 'guesslife-backend',
  timestamp: '2020-08-08T06:32:37.615Z'
}
{
  message: 'app name: GuessLife backend (dev)',
  level: 'info',
  service: 'guesslife-backend',
  timestamp: '2020-08-08T06:32:37.631Z'
}
{
  message: 'env: developement',
  level: 'info',
  service: 'guesslife-backend',
  timestamp: '2020-08-08T06:32:37.632Z'
}
{
  message: 'Connected to mongodb ...',
  level: 'info',
  service: 'guesslife-backend',
  timestamp: '2020-08-08T06:32:37.662Z'
}
{
  message: 'morgan enabled',
  level: 'info',
  service: 'guesslife-backend',
  timestamp: '2020-08-08T06:32:53.210Z'
}
{
  message: 'config express js and routes ...',
  level: 'info',
  service: 'guesslife-backend',
  timestamp: '2020-08-08T06:32:53.216Z'
}
{
  message: 'app name: GuessLife backend (dev)',
  level: 'info',
  service: 'guesslife-backend',
  timestamp: '2020-08-08T06:32:53.232Z'
}
{
  message: 'env: developement',
  level: 'info',
  service: 'guesslife-backend',
  timestamp: '2020-08-08T06:32:53.233Z'
}
{
  message: 'Connected to mongodb ...',
  level: 'info',
  service: 'guesslife-backend',
  timestamp: '2020-08-08T06:32:53.270Z'
}
{
  message: 'morgan enabled',
  level: 'info',
  service: 'guesslife-backend',
  timestamp: '2020-08-08T06:33:01.866Z'
}
{
  message: 'config express js and routes ...',
  level: 'info',
  service: 'guesslife-backend',
  timestamp: '2020-08-08T06:33:01.873Z'
}
{
  message: 'app name: GuessLife backend (dev)',
  level: 'info',
  service: 'guesslife-backend',
  timestamp: '2020-08-08T06:33:01.914Z'
}
{
  message: 'env: developement',
  level: 'info',
  service: 'guesslife-backend',
  timestamp: '2020-08-08T06:33:01.915Z'
}
{
  message: 'Connected to mongodb ...',
  level: 'info',
  service: 'guesslife-backend',
  timestamp: '2020-08-08T06:33:01.972Z'
}
{
  message: 'morgan enabled',
  level: 'info',
  service: 'guesslife-backend',
  timestamp: '2020-08-08T06:33:15.169Z'
}
{
  message: 'config express js and routes ...',
  level: 'info',
  service: 'guesslife-backend',
  timestamp: '2020-08-08T06:33:15.177Z'
}
{
  message: 'app name: GuessLife backend (dev)',
  level: 'info',
  service: 'guesslife-backend',
  timestamp: '2020-08-08T06:33:15.192Z'
}
{
  message: 'env: developement',
  level: 'info',
  service: 'guesslife-backend',
  timestamp: '2020-08-08T06:33:15.193Z'
}
{
  message: 'Connected to mongodb ...',
  level: 'info',
  service: 'guesslife-backend',
  timestamp: '2020-08-08T06:33:15.213Z'
}
{
  message: 'morgan enabled',
  level: 'info',
  service: 'guesslife-backend',
  timestamp: '2020-08-08T06:33:20.078Z'
}
{
  message: 'config express js and routes ...',
  level: 'info',
  service: 'guesslife-backend',
  timestamp: '2020-08-08T06:33:20.083Z'
}
{
  message: 'app name: GuessLife backend (dev)',
  level: 'info',
  service: 'guesslife-backend',
  timestamp: '2020-08-08T06:33:20.100Z'
}
{
  message: 'env: developement',
  level: 'info',
  service: 'guesslife-backend',
  timestamp: '2020-08-08T06:33:20.100Z'
}
{
  message: 'Connected to mongodb ...',
  level: 'info',
  service: 'guesslife-backend',
  timestamp: '2020-08-08T06:33:20.122Z'
}
{
  message: 'morgan enabled',
  level: 'info',
  service: 'guesslife-backend',
  timestamp: '2020-08-08T06:33:32.231Z'
}
{
  message: 'config express js and routes ...',
  level: 'info',
  service: 'guesslife-backend',
  timestamp: '2020-08-08T06:33:32.237Z'
}
{
  message: 'app name: GuessLife backend (dev)',
  level: 'info',
  service: 'guesslife-backend',
  timestamp: '2020-08-08T06:33:32.255Z'
}
{
  message: 'env: developement',
  level: 'info',
  service: 'guesslife-backend',
  timestamp: '2020-08-08T06:33:32.260Z'
}
{
  message: 'Connected to mongodb ...',
  level: 'info',
  service: 'guesslife-backend',
  timestamp: '2020-08-08T06:33:32.281Z'
}
{
  message: 'morgan enabled',
  level: 'info',
  service: 'guesslife-backend',
  timestamp: '2020-08-08T06:35:36.210Z'
}
{
  message: 'config express js and routes ...',
  level: 'info',
  service: 'guesslife-backend',
  timestamp: '2020-08-08T06:35:36.215Z'
}
{
  message: 'app name: GuessLife backend (dev)',
  level: 'info',
  service: 'guesslife-backend',
  timestamp: '2020-08-08T06:35:36.237Z'
}
{
  message: 'env: developement',
  level: 'info',
  service: 'guesslife-backend',
  timestamp: '2020-08-08T06:35:36.238Z'
}
{
  message: 'Connected to mongodb ...',
  level: 'info',
  service: 'guesslife-backend',
  timestamp: '2020-08-08T06:35:36.260Z'
}
